Criminalintent/app/build/intermediates/manifest_merge_blame_file/debug/manifest-merger-blame-debug-report.txt
1<?xml version="1.0" encoding="utf-8"?>
2<manifest xmlns:android="http://schemas.android.com/apk/res/android"
3    package="com.bignerdranch.android.criminalintent"
4    android:versionCode="1"
5    android:versionName="1.0" >
6
7    <uses-sdk
8        android:minSdkVersion="21"
8-->src\main\AndroidManifest.xml
9        android:targetSdkVersion="33" />
9-->src\main\AndroidManifest.xml
10
11    <uses-permission android:name="android.permission.REORDER_TASKS" />
11-->[androidx.fragment:fragment-testing:1.5.5] AndroidManifest.xml:25:5-72
11-->[androidx.fragment:fragment-testing:1.5.5] AndroidManifest.xml:25:22-69
12
13    <permission
13-->[androidx.core:core:1.9.0] AndroidManifest.xml:22:5-24:47
14        android:name="com.bignerdranch.android.criminalintent.DYNAMIC_RECEIVER_NOT_EXPORTED_PERMISSION"
14-->[androidx.core:core:1.9.0] AndroidManifest.xml:23:9-81
15        android:protectionLevel="signature" />
15-->[androidx.core:core:1.9.0] AndroidManifest.xml:24:9-44
16
17    <uses-permission android:name="com.bignerdranch.android.criminalintent.DYNAMIC_RECEIVER_NOT_EXPORTED_PERMISSION" />
17-->[androidx.core:core:1.9.0] AndroidManifest.xml:26:5-97
17-->[androidx.core:core:1.9.0] AndroidManifest.xml:26:22-94
18
19    <application
19-->src\main\AndroidManifest.xml:6:5-23:19
20        android:name="com.bignerdranch.android.criminalintent.CriminalIntentApplication"
20-->src\main\AndroidManifest.xml:7:9-89
21        android:allowBackup="true"
21-->src\main\AndroidManifest.xml:8:9-35
22        android:appComponentFactory="androidx.core.app.CoreComponentFactory"
22-->[androidx.core:core:1.9.0] AndroidManifest.xml:28:18-86
23        android:debuggable="true"
24        android:icon="@mipmap/ic_launcher"
24-->src\main\AndroidManifest.xml:9:9-43
25        android:label="@string/app_name"
25-->src\main\AndroidManifest.xml:10:9-41
26        android:roundIcon="@mipmap/ic_launcher_round"
26-->src\main\AndroidManifest.xml:11:9-54
27        android:supportsRtl="true"
27-->src\main\AndroidManifest.xml:12:9-35
28        android:testOnly="true"
29        android:theme="@style/AppTheme" >
29-->src\main\AndroidManifest.xml:13:9-40
30        <activity
30-->src\main\AndroidManifest.xml:14:9-22:20
31            android:name="com.bignerdranch.android.criminalintent.MainActivity"
31-->src\main\AndroidManifest.xml:15:13-80
32            android:exported="true" >
32-->src\main\AndroidManifest.xml:16:13-36
33            <intent-filter>
33-->src\main\AndroidManifest.xml:17:13-21:29
34                <action android:name="android.intent.action.MAIN" />
34-->src\main\AndroidManifest.xml:18:17-69
34-->src\main\AndroidManifest.xml:18:25-66
35
36                <category android:name="android.intent.category.LAUNCHER" />
36-->src\main\AndroidManifest.xml:20:17-77
36-->src\main\AndroidManifest.xml:20:27-74
37            </intent-filter>
38        </activity>
39        <activity
39-->[androidx.fragment:fragment-testing:1.5.5] AndroidManifest.xml:28:9-37:20
40            android:name="androidx.fragment.app.testing.FragmentScenario$EmptyFragmentActivity"
40-->[androidx.fragment:fragment-testing:1.5.5] AndroidManifest.xml:29:13-96
41            android:exported="true"
41-->[androidx.fragment:fragment-testing:1.5.5] AndroidManifest.xml:30:13-36
42            android:multiprocess="true"
42-->[androidx.fragment:fragment-testing:1.5.5] AndroidManifest.xml:31:13-40
43            android:taskAffinity=""
43-->[androidx.fragment:fragment-testing:1.5.5] AndroidManifest.xml:32:13-36
44            android:theme="@style/FragmentScenarioEmptyFragmentActivityTheme" >
44-->[androidx.fragment:fragment-testing:1.5.5] AndroidManifest.xml:33:13-78
45            <intent-filter>
45-->[androidx.fragment:fragment-testing:1.5.5] AndroidManifest.xml:34:13-36:29
46                <action android:name="android.intent.action.MAIN" />
46-->src\main\AndroidManifest.xml:18:17-69
46-->src\main\AndroidManifest.xml:18:25-66
47            </intent-filter>
48        </activity>
49
50        <provider
50-->[androidx.emoji2:emoji2:1.2.0] AndroidManifest.xml:24:9-32:20
51            android:name="androidx.startup.InitializationProvider"
51-->[androidx.emoji2:emoji2:1.2.0] AndroidManifest.xml:25:13-67
52            android:authorities="com.bignerdranch.android.criminalintent.androidx-startup"
52-->[androidx.emoji2:emoji2:1.2.0] AndroidManifest.xml:26:13-68
53            android:exported="false" >
53-->[androidx.emoji2:emoji2:1.2.0] AndroidManifest.xml:27:13-37
54            <meta-data
54-->[androidx.emoji2:emoji2:1.2.0] AndroidManifest.xml:29:13-31:52
55                android:name="androidx.emoji2.text.EmojiCompatInitializer"
55-->[androidx.emoji2:emoji2:1.2.0] AndroidManifest.xml:30:17-75
56                android:value="androidx.startup" />
56-->[androidx.emoji2:emoji2:1.2.0] AndroidManifest.xml:31:17-49
57            <meta-data
57-->[androidx.lifecycle:lifecycle-process:2.4.1] AndroidManifest.xml:31:13-33:52
58                android:name="androidx.lifecycle.ProcessLifecycleInitializer"
58-->[androidx.lifecycle:lifecycle-process:2.4.1] AndroidManifest.xml:32:17-78
59                android:value="androidx.startup" />
59-->[androidx.lifecycle:lifecycle-process:2.4.1] AndroidManifest.xml:33:17-49
60        </provider>
61
62        <service
62-->[androidx.room:room-runtime:2.4.3] AndroidManifest.xml:25:9-28:40
63            android:name="androidx.room.MultiInstanceInvalidationService"
63-->[androidx.room:room-runtime:2.4.3] AndroidManifest.xml:26:13-74
64            android:directBootAware="true"
64-->[androidx.room:room-runtime:2.4.3] AndroidManifest.xml:27:13-43
65            android:exported="false" />
65-->[androidx.room:room-runtime:2.4.3] AndroidManifest.xml:28:13-37
66
67        <activity
67-->[androidx.test:core:1.4.0] AndroidManifest.xml:27:9-34:20
68            android:name="androidx.test.core.app.InstrumentationActivityInvoker$BootstrapActivity"
68-->[androidx.test:core:1.4.0] AndroidManifest.xml:28:13-99
69            android:exported="true"
69-->[androidx.test:core:1.4.0] AndroidManifest.xml:29:13-36
70            android:theme="@android:style/Theme" >
70-->[androidx.test:core:1.4.0] AndroidManifest.xml:30:13-49
71            <intent-filter>
71-->[androidx.fragment:fragment-testing:1.5.5] AndroidManifest.xml:34:13-36:29
72                <action android:name="android.intent.action.MAIN" />
72-->src\main\AndroidManifest.xml:18:17-69
72-->src\main\AndroidManifest.xml:18:25-66
73            </intent-filter>
74        </activity>
75        <activity
75-->[androidx.test:core:1.4.0] AndroidManifest.xml:35:9-42:20
76            android:name="androidx.test.core.app.InstrumentationActivityInvoker$EmptyActivity"
76-->[androidx.test:core:1.4.0] AndroidManifest.xml:36:13-95
77            android:exported="true"
77-->[androidx.test:core:1.4.0] AndroidManifest.xml:37:13-36
78            android:theme="@android:style/Theme" >
78-->[androidx.test:core:1.4.0] AndroidManifest.xml:38:13-49
79            <intent-filter>
79-->[androidx.fragment:fragment-testing:1.5.5] AndroidManifest.xml:34:13-36:29
80                <action android:name="android.intent.action.MAIN" />
80-->src\main\AndroidManifest.xml:18:17-69
80-->src\main\AndroidManifest.xml:18:25-66
81            </intent-filter>
82        </activity>
83        <activity
83-->[androidx.test:core:1.4.0] AndroidManifest.xml:43:9-50:20
84            android:name="androidx.test.core.app.InstrumentationActivityInvoker$EmptyFloatingActivity"
84-->[androidx.test:core:1.4.0] AndroidManifest.xml:44:13-103
85            android:exported="true"
85-->[androidx.test:core:1.4.0] AndroidManifest.xml:45:13-36
86            android:theme="@android:style/Theme.Dialog" >
86-->[androidx.test:core:1.4.0] AndroidManifest.xml:46:13-56
87            <intent-filter>
87-->[androidx.fragment:fragment-testing:1.5.5] AndroidManifest.xml:34:13-36:29
88                <action android:name="android.intent.action.MAIN" />
88-->src\main\AndroidManifest.xml:18:17-69
88-->src\main\AndroidManifest.xml:18:25-66
89            </intent-filter>
90        </activity>
91    </application>
92
93</manifest>